2019-05-24 14:40:36 INFO  Car - Speed:   0.0; Angle:   EAST; Position:   2,3; Parcels:      0; Health: 100.0; Health Usage: 100.0; Fuel: 250.0; Tile: START
2019-05-24 14:40:36 INFO  Car - Speed:   1.0; Angle:   EAST; Position:   3,3; Parcels:      0; Health: 100.0; Health Usage: 100.0; Fuel: 249.0; Tile: ROAD
2019-05-24 14:40:36 INFO  Car - Speed:   1.0; Angle:   EAST; Position:   4,3; Parcels:      0; Health: 100.0; Health Usage: 100.0; Fuel: 248.0; Tile: ROAD
2019-05-24 14:40:36 INFO  Car - Speed:   1.0; Angle:   EAST; Position:   5,3; Parcels:      0; Health: 100.0; Health Usage: 100.0; Fuel: 247.0; Tile: ROAD
2019-05-24 14:40:36 INFO  Car - Speed:   1.0; Angle:   EAST; Position:   6,3; Parcels:      0; Health: 100.0; Health Usage: 100.0; Fuel: 246.0; Tile: ROAD
2019-05-24 14:40:37 INFO  Car - Speed:   1.0; Angle:   EAST; Position:   7,3; Parcels:      0; Health: 100.0; Health Usage: 100.0; Fuel: 245.0; Tile: ROAD
2019-05-24 14:40:37 INFO  Car - Speed:   1.0; Angle:   EAST; Position:   8,3; Parcels:      0; Health: 100.0; Health Usage: 100.0; Fuel: 244.0; Tile: ROAD
2019-05-24 14:40:37 INFO  Car - Speed:   1.0; Angle:   EAST; Position:   9,3; Parcels:      0; Health: 100.0; Health Usage: 100.0; Fuel: 243.0; Tile: ROAD
2019-05-24 14:40:37 INFO  Car - Speed:   1.0; Angle:   EAST; Position:  10,3; Parcels:      0; Health: 100.0; Health Usage: 100.0; Fuel: 242.0; Tile: ROAD
2019-05-24 14:40:38 INFO  Car - Speed:   1.0; Angle:   EAST; Position:  11,3; Parcels:      0; Health: 100.0; Health Usage: 100.0; Fuel: 241.0; Tile: ROAD
2019-05-24 14:40:38 INFO  Car - Speed:   1.0; Angle:   EAST; Position:  12,3; Parcels:      0; Health: 100.0; Health Usage: 100.0; Fuel: 240.0; Tile: ROAD
2019-05-24 14:40:38 INFO  Car - Speed:   1.0; Angle:   EAST; Position:  13,3; Parcels:      0; Health: 100.0; Health Usage: 100.0; Fuel: 239.0; Tile: ROAD
2019-05-24 14:40:38 INFO  Car - Speed:   1.0; Angle:   EAST; Position:  14,3; Parcels:      0; Health: 100.0; Health Usage: 100.0; Fuel: 238.0; Tile: ROAD
2019-05-24 14:40:39 INFO  Car - Speed:   1.0; Angle:   EAST; Position:  15,3; Parcels:      0; Health: 100.0; Health Usage: 100.0; Fuel: 237.0; Tile: ROAD
2019-05-24 14:40:39 INFO  Car - Speed:   1.0; Angle:   EAST; Position:  16,3; Parcels:      0; Health: 100.0; Health Usage: 100.0; Fuel: 236.0; Tile: ROAD
2019-05-24 14:40:39 INFO  Car - Speed:   1.0; Angle:   EAST; Position:  17,3; Parcels:      0; Health: 100.0; Health Usage: 100.0; Fuel: 235.0; Tile: ROAD
2019-05-24 14:40:39 INFO  Car - Speed:   1.0; Angle:  NORTH; Position:  17,4; Parcels:      0; Health: 100.0; Health Usage: 100.0; Fuel: 234.0; Tile: ROAD
2019-05-24 14:40:40 INFO  Car - Speed:   1.0; Angle:   EAST; Position:  18,4; Parcels:      0; Health:  95.0; Health Usage: 100.0; Fuel: 233.0; Tile: TRAP(lava)
2019-05-24 14:40:40 INFO  Car - Speed:   1.0; Angle:   EAST; Position:  19,4; Parcels:      0; Health:  90.0; Health Usage: 100.0; Fuel: 232.0; Tile: TRAP(lava)
2019-05-24 14:40:40 INFO  Car - Speed:   1.0; Angle:  NORTH; Position:  19,5; Parcels:      0; Health:  85.0; Health Usage: 100.0; Fuel: 231.0; Tile: TRAP(lava)
2019-05-24 14:40:40 INFO  Car - Speed:   1.0; Angle:   EAST; Position:  20,5; Parcels:      0; Health:  85.0; Health Usage: 100.0; Fuel: 230.0; Tile: ROAD
2019-05-24 14:40:41 INFO  Car - Speed:   1.0; Angle:  NORTH; Position:  20,6; Parcels:      0; Health:  85.0; Health Usage: 100.0; Fuel: 229.0; Tile: ROAD
2019-05-24 14:40:41 INFO  Car - Speed:   1.0; Angle:  NORTH; Position:  20,7; Parcels:      0; Health:  85.0; Health Usage: 100.0; Fuel: 228.0; Tile: ROAD
2019-05-24 14:40:41 INFO  Car - Speed:   1.0; Angle:  NORTH; Position:  20,8; Parcels:      0; Health:  85.0; Health Usage: 100.0; Fuel: 227.0; Tile: ROAD
2019-05-24 14:40:41 INFO  Car - Speed:   1.0; Angle:  NORTH; Position:  20,9; Parcels:      0; Health:  85.0; Health Usage: 100.0; Fuel: 226.0; Tile: ROAD
2019-05-24 14:40:42 INFO  Car - Speed:   1.0; Angle:  NORTH; Position: 20,10; Parcels:      0; Health:  85.0; Health Usage: 100.0; Fuel: 225.0; Tile: ROAD
2019-05-24 14:40:42 INFO  Car - Speed:   1.0; Angle:  NORTH; Position: 20,11; Parcels:      0; Health:  85.0; Health Usage: 100.0; Fuel: 224.0; Tile: ROAD
2019-05-24 14:40:42 INFO  Car - Speed:   1.0; Angle:  NORTH; Position: 20,12; Parcels:      0; Health:  85.0; Health Usage: 100.0; Fuel: 223.0; Tile: ROAD
2019-05-24 14:40:42 INFO  Car - Speed:   1.0; Angle:  NORTH; Position: 20,13; Parcels:      0; Health:  85.0; Health Usage: 100.0; Fuel: 222.0; Tile: ROAD
2019-05-24 14:40:43 INFO  Car - Speed:   1.0; Angle:  NORTH; Position: 20,14; Parcels:      0; Health:  85.0; Health Usage: 100.0; Fuel: 221.0; Tile: ROAD
2019-05-24 14:40:43 INFO  Car - Speed:   1.0; Angle:   EAST; Position: 21,14; Parcels:      0; Health:  85.0; Health Usage: 100.0; Fuel: 220.0; Tile: ROAD
2019-05-24 14:40:43 INFO  Car - Speed:   1.0; Angle:  NORTH; Position: 21,15; Parcels:      0; Health:  80.0; Health Usage: 100.0; Fuel: 219.0; Tile: TRAP(lava)
2019-05-24 14:40:43 INFO  Car - Speed:   1.0; Angle:  NORTH; Position: 21,16; Parcels:      0; Health:  75.0; Health Usage: 100.0; Fuel: 218.0; Tile: TRAP(lava)
2019-05-24 14:40:44 INFO  Car - Speed:   1.0; Angle:   EAST; Position: 22,16; Parcels:      0; Health:  75.0; Health Usage: 100.0; Fuel: 217.0; Tile: FINISH
2019-05-24 14:40:44 INFO  Car - Speed:   1.0; Angle:  NORTH; Position: 22,17; Parcels:      0; Health:  75.0; Health Usage: 100.0; Fuel: 216.0; Tile: FINISH
2019-05-24 14:40:44 INFO  Car - Speed:   1.0; Angle:   EAST; Position: 23,17; Parcels:      0; Health:  75.0; Health Usage: 100.0; Fuel: 215.0; Tile: FINISH
2019-05-24 14:40:44 INFO  Car - Speed:   1.0; Angle:  NORTH; Position: 23,18; Parcels:      0; Health:  75.0; Health Usage: 100.0; Fuel: 214.0; Tile: FINISH
2019-05-24 14:40:45 INFO  Car - Speed:   0.0; Angle:  NORTH; Position: 23,18; Parcels:      0; Health:  70.0; Health Usage: 100.0; Fuel: 213.0; Tile: FINISH
2019-05-24 14:40:45 INFO  Car - Speed:   0.0; Angle:  NORTH; Position: 23,18; Parcels:      0; Health:  70.0; Health Usage: 100.0; Fuel: 213.0; Tile: FINISH
2019-05-24 14:40:45 INFO  Car - Speed:   0.0; Angle:  NORTH; Position: 23,18; Parcels:      0; Health:  70.0; Health Usage: 100.0; Fuel: 213.0; Tile: FINISH
2019-05-24 14:40:45 INFO  Car - Speed:   0.0; Angle:  NORTH; Position: 23,18; Parcels:      0; Health:  70.0; Health Usage: 100.0; Fuel: 213.0; Tile: FINISH
2019-05-24 14:40:46 INFO  Car - Speed:   0.0; Angle:  NORTH; Position: 23,18; Parcels:      0; Health:  70.0; Health Usage: 100.0; Fuel: 213.0; Tile: FINISH
2019-05-24 14:40:46 INFO  Car - Speed:   0.0; Angle:  NORTH; Position: 23,18; Parcels:      0; Health:  70.0; Health Usage: 100.0; Fuel: 213.0; Tile: FINISH
2019-05-24 14:40:46 INFO  Car - Speed:   0.0; Angle:  NORTH; Position: 23,18; Parcels:      0; Health:  70.0; Health Usage: 100.0; Fuel: 213.0; Tile: FINISH
2019-05-24 14:40:46 INFO  Car - Speed:   0.0; Angle:  NORTH; Position: 23,18; Parcels:      0; Health:  70.0; Health Usage: 100.0; Fuel: 213.0; Tile: FINISH
2019-05-24 14:40:47 INFO  Car - Speed:   0.0; Angle:  NORTH; Position: 23,18; Parcels:      0; Health:  70.0; Health Usage: 100.0; Fuel: 213.0; Tile: FINISH
